[INFO] Scanning for projects...
[INFO] 
[INFO] ------------------------< com.avn:mallproject >-------------------------
[INFO] Building mallproject 0.0.1-SNAPSHOT
[INFO]   from pom.xml
[INFO] --------------------------------[ jar ]---------------------------------
[INFO] 
[INFO] --- clean:3.5.0:clean (default-clean) @ mallproject ---
[INFO] Deleting D:\PROGRAMMING\TNSIF BACKEND\Java Project\MallProject\mallproject\target
[INFO] 
[INFO] --- resources:3.3.1:resources (default-resources) @ mallproject ---
[INFO] Copying 1 resource from src\main\resources to target\classes
[INFO] Copying 0 resource from src\main\resources to target\classes
[INFO] 
[INFO] --- compiler:3.14.1:compile (default-compile) @ mallproject ---
[INFO] Recompiling the module because of changed source code.
[INFO] Compiling 47 source files with javac [debug parameters release 17] to target\classes
[INFO] -------------------------------------------------------------
[ERROR] COMPILATION ERROR : 
[INFO] -------------------------------------------------------------
[ERROR] /D:/PROGRAMMING/TNSIF BACKEND/Java Project/MallProject/mallproject/src/main/java/com/avn/mallproject/service/impl/ItemServiceImpl.java:[15,8] com.avn.mallproject.service.impl.ItemServiceImpl is not abstract and does not override abstract method addItemToShop(java.lang.Long,com.avn.mallproject.entity.Item) in com.avn.mallproject.service.ItemService
[ERROR] /D:/PROGRAMMING/TNSIF BACKEND/Java Project/MallProject/mallproject/src/main/java/com/avn/mallproject/service/impl/ItemServiceImpl.java:[26,5] method does not override or implement a method from a supertype
[ERROR] /D:/PROGRAMMING/TNSIF BACKEND/Java Project/MallProject/mallproject/src/main/java/com/avn/mallproject/service/impl/ItemServiceImpl.java:[33,5] method does not override or implement a method from a supertype
[ERROR] /D:/PROGRAMMING/TNSIF BACKEND/Java Project/MallProject/mallproject/src/main/java/com/avn/mallproject/service/impl/ItemServiceImpl.java:[47,5] method does not override or implement a method from a supertype
[INFO] 4 errors 
[INFO] -------------------------------------------------------------
[INFO] ------------------------------------------------------------------------
[INFO] BUILD FAILURE
[INFO] ------------------------------------------------------------------------
[INFO] Total time:  3.231 s
[INFO] Finished at: 2026-01-18T01:21:26+05:30
[INFO] ------------------------------------------------------------------------
[ERROR] Failed to execute goal org.apache.maven.plugins:maven-compiler-plugin:3.14.1:compile (default-compile) on project mallproject: Compilation failure: Compilation failure: 
[ERROR] /D:/PROGRAMMING/TNSIF BACKEND/Java Project/MallProject/mallproject/src/main/java/com/avn/mallproject/service/impl/ItemServiceImpl.java:[15,8] com.avn.mallproject.service.impl.ItemServiceImpl is not abstract and does not override abstract method addItemToShop(java.lang.Long,com.avn.mallproject.entity.Item) in com.avn.mallproject.service.ItemService
[ERROR] /D:/PROGRAMMING/TNSIF BACKEND/Java Project/MallProject/mallproject/src/main/java/com/avn/mallproject/service/impl/ItemServiceImpl.java:[26,5] method does not override or implement a method from a supertype
[ERROR] /D:/PROGRAMMING/TNSIF BACKEND/Java Project/MallProject/mallproject/src/main/java/com/avn/mallproject/service/impl/ItemServiceImpl.java:[33,5] method does not override or implement a method from a supertype
[ERROR] /D:/PROGRAMMING/TNSIF BACKEND/Java Project/MallProject/mallproject/src/main/java/com/avn/mallproject/service/impl/ItemServiceImpl.java:[47,5] method does not override or implement a method from a supertype
[ERROR] -> [Help 1]
[ERROR] 
[ERROR] To see the full stack trace of the errors, re-run Maven with the -e switch.
[ERROR] Re-run Maven using the -X switch to enable full debug logging.
[ERROR] 
[ERROR] For more information about the errors and possible solutions, please read the following articles:
[ERROR] [Help 1] http://cwiki.apache.org/confluence/display/MAVEN/MojoFailureException
